c:\users\administrator\desktop\ftp_client3\x64\debug\moc_ftpconnectdlg.obj
c:\users\administrator\desktop\ftp_client3\x64\debug\moc_mainwindow.obj
c:\users\administrator\desktop\ftp_client3\x64\debug\qrc_mainwindow.obj
c:\users\administrator\desktop\ftp_client3\x64\debug\ftpconnectdlg.obj
c:\users\administrator\desktop\ftp_client3\x64\debug\mainwindow.obj
c:\users\administrator\desktop\ftp_client3\x64\debug\ftp.obj
c:\users\administrator\desktop\ftp_client3\x64\debug\main.obj
c:\users\administrator\desktop\ftp_client3\x64\debug\vc143.pdb
c:\users\administrator\desktop\ftp_client3\x64\debug\uic\ui_ftpconnectdlg.h
c:\users\administrator\desktop\ftp_client3\x64\debug\uic\ui_mainwindow.h
c:\users\administrator\desktop\ftp_client3\x64\debug\rcc\qrc_mainwindow.cpp
c:\users\administrator\desktop\ftp_client3\x64\debug\moc\moc_mainwindow.cpp
c:\users\administrator\desktop\ftp_client3\x64\debug\moc\moc_ftpconnectdlg.cpp
c:\users\administrator\desktop\ftp_client3\bin\ftp_client3.exe
c:\users\administrator\desktop\ftp_client3\bin\ftp_client3.ilk
c:\users\administrator\desktop\ftp_client3\bin\ftp_client3.pdb
c:\users\administrator\desktop\ftp_client3\\bin\ftp_client3.pdb
c:\users\administrator\desktop\ftp_client3\\bin\ftp_client3.ilk
c:\users\administrator\desktop\ftp_client3\x64\debug\ftp_client3.tlog\cl.22612.write.1.tlog
c:\users\administrator\desktop\ftp_client3\x64\debug\ftp_client3.tlog\cl.command.1.tlog
c:\users\administrator\desktop\ftp_client3\x64\debug\ftp_client3.tlog\cl.items.tlog
c:\users\administrator\desktop\ftp_client3\x64\debug\ftp_client3.tlog\cl.read.1.tlog
c:\users\administrator\desktop\ftp_client3\x64\debug\ftp_client3.tlog\ftp_client3.write.1u.tlog
c:\users\administrator\desktop\ftp_client3\x64\debug\ftp_client3.tlog\link.command.1.tlog
c:\users\administrator\desktop\ftp_client3\x64\debug\ftp_client3.tlog\link.read.1.tlog
c:\users\administrator\desktop\ftp_client3\x64\debug\ftp_client3.tlog\link.write.1.tlog
c:\users\administrator\desktop\ftp_client3\x64\debug\ftp_client3.tlog\moc.read.1u.tlog
c:\users\administrator\desktop\ftp_client3\x64\debug\ftp_client3.tlog\moc.write.1u.tlog
c:\users\administrator\desktop\ftp_client3\x64\debug\ftp_client3.tlog\rcc.read.1u.tlog
c:\users\administrator\desktop\ftp_client3\x64\debug\ftp_client3.tlog\rcc.write.1u.tlog
c:\users\administrator\desktop\ftp_client3\x64\debug\ftp_client3.tlog\uic.read.1u.tlog
c:\users\administrator\desktop\ftp_client3\x64\debug\ftp_client3.tlog\uic.write.1u.tlog
